Сборка начата 9/9/2020 5:49:06 PM.
     1>Проект "C:\Workplace\#Учеба\2 курс\ЯП\Лабы\Code\LP_Lab14\LP_Lab14.vcxproj" в узле 2 (целевые объекты Build).
     1>InitializeBuildStatus:
         Создание "Debug\LP_Lab14.tlog\unsuccessfulbuild", так как было задано "AlwaysCreate".
       ClCompile:
         C:\Program Files (x86)\Microsoft Visual Studio\2019\Community\VC\Tools\MSVC\14.23.28105\bin\HostX86\x86\CL.exe /c /ZI /JMC /nologo /W3 /WX- /diagnostics:column /sdl /Od /Oy- /D WIN32 /D _DEBUG /D _CONSOLE /D _UNICODE /D UNICODE /Gm- /EHsc /RTC1 /MDd /GS /fp:precise /permissive- /Zc:wchar_t /Zc:forScope /Zc:inline /Fo"Debug\\" /Fd"Debug\vc142.pdb" /Gd /TP /analyze- /FC /errorReport:prompt LP_Lab14.cpp
         LP_Lab14.cpp
       Link:
         C:\Program Files (x86)\Microsoft Visual Studio\2019\Community\VC\Tools\MSVC\14.23.28105\bin\HostX86\x86\link.exe /ERRORREPORT:PROMPT /OUT:"C:\Workplace\#Учеба\2 курс\ЯП\Лабы\Code\Debug\LP_Lab14.exe" /INCREMENTAL /NOLOGO kernel32.lib user32.lib gdi32.lib winspool.lib comdlg32.lib advapi32.lib shell32.lib ole32.lib oleaut32.lib uuid.lib odbc32.lib odbccp32.lib /MANIFEST /MANIFESTUAC:"level='asInvoker' uiAccess='false'" /manifest:embed /DEBUG:FASTLINK /PDB:"C:\Workplace\#Учеба\2 курс\ЯП\Лабы\Code\Debug\LP_Lab14.pdb" /SUBSYSTEM:CONSOLE /TLBID:1 /DYNAMICBASE /NXCOMPAT /IMPLIB:"C:\Workplace\#Учеба\2 курс\ЯП\Лабы\Code\Debug\LP_Lab14.lib" /MACHINE:X86 Debug\Error.obj
         Debug\FST.obj
         Debug\In.obj
         Debug\Log.obj
         Debug\LP_Lab14.obj
         Debug\Out.obj
         Debug\Parm.obj
         LP_Lab14.vcxproj -> C:\Workplace\#Учеба\2 курс\ЯП\Лабы\Code\Debug\LP_Lab14.exe
       FinalizeBuildStatus:
         Файл "Debug\LP_Lab14.tlog\unsuccessfulbuild" удаляется.
         Обращение к "Debug\LP_Lab14.tlog\LP_Lab14.lastbuildstate".
     1>Сборка проекта "C:\Workplace\#Учеба\2 курс\ЯП\Лабы\Code\LP_Lab14\LP_Lab14.vcxproj" завершена (целевые объекты Build).

Сборка успешно завершена.
    Предупреждений: 0
    Ошибок: 0

Прошло времени 00:00:00.96
